

> web@0.1.0 build
> next build

[1m[38;2;173;127;168m▲ Next.js 16.2.0[39m[22m (Turbopack)

[37m[1m [22m[39m Creating an optimized production build ...
[32m[1m✓[22m[39m Compiled successfully in 3.6s
[?25l[37m[1m [22m[39m Running TypeScript  [36m.[39m[2K[1G[37m[1m [22m[39m Running TypeScript  [36m..[39m[2K[1G[37m[1m [22m[39m Running TypeScript  [36m...[39m[2K[1G[37m[1m [22m[39m Running TypeScript  [36m.[39m[2K[1G[37m[1m [22m[39m Running TypeScript  [36m..[39m[2K[1G[37m[1m [22m[39m Running TypeScript  [36m...[39m[2K[1G[37m[1m [22m[39m Running TypeScript  [36m.[39m[2K[1G[37m[1m [22m[39m Running TypeScript  [36m..[39m[2K[1G[37m[1m [22m[39m Running TypeScript  [36m...[39m[2K[1G[37m[1m [22m[39m Running TypeScript  [36m.[39m[2K[1G[37m[1m [22m[39m Running TypeScript  [36m..[39m[2K[1G[37m[1m [22m[39m Running TypeScript  [36m...[39m[2K[1G[37m[1m [22m[39m Running TypeScript  [36m.[39m[2K[1G[37m[1m [22m[39m Running TypeScript  [36m..[39m[2K[1G[37m[1m [22m[39m Running TypeScript  [36m...[39m[2K[1G[37m[1m [22m[39m Running TypeScript  [36m.[39m[2K[1G[37m[1m [22m[39m Running TypeScript  [36m..[39m[2K[1G[37m[1m [22m[39m Running TypeScript  [36m...[39m[2K[1G[37m[1m [22m[39m Running TypeScript  [36m.[39m[2K[1G[37m[1m [22m[39m Running TypeScript  [36m..[39m[31mFailed to type check.
[39m
[36m./components/DashboardClient.tsx[39m:[33m1223[39m:[33m74[39m
[31m[1mType error[22m[39m: Cannot find name 'isDark'.

  [90m1221 |[0m ...
  [90m1222 |[0m ...[32m-y-4 pt-4">[0m
[31m[1m>[0m [90m1223 |[0m ...[32mex items-center gap-4 transition-colors ${isDark ? "text-[#ccff00]" : isVintage ? "te...[0m
  [90m     |[0m                                              [31m[1m^[0m
  [90m1224 |[0m ...
  [90m1225 |[0m ...[32mw-6 h-6 rounded-md flex items-center justify-center transition-colors ${isDark ? "bg-...[0m
  [90m1226 |[0m ...
[2K[1G[?25hNext.js build worker exited with code: 1 and signal: null
[?25l [36m.[39m [?25h⠙[1G[0K[1mnpm[22m [31merror[39m Lifecycle script `build` failed with error:
⠙[1G[0K[1mnpm[22m [31merror[39m [94mcode[39m [33m1[39m
⠙[1G[0K[1mnpm[22m [31merror[39m [94mpath[39m /Users/kyuahn/Documents/AVG/court-reserve/apps/web
⠙[1G[0K[1mnpm[22m [31merror[39m [94mworkspace[39m web@0.1.0
⠙[1G[0K[1mnpm[22m [31merror[39m [94mlocation[39m /Users/kyuahn/Documents/AVG/court-reserve/apps/web
⠙[1G[0K[1mnpm[22m [31merror[39m command failed
⠙[1G[0K[1mnpm[22m [31merror[39m [94mcommand[39m sh -c next build
⠙[1G[0K
